<?xml version="1.0" encoding="UTF-8" ?>
<testsuite tests="59" failures="0" name="lab1.Labo1Test" time="0.039" errors="0" skipped="0">
  <properties>
    <property name="java.runtime.name" value="Java(TM) SE Runtime Environment"/>
    <property name="java.vm.version" value="16.0.2+7-67"/>
    <property name="sun.boot.library.path" value="C:\Program Files\Java\jdk-16.0.2\bin"/>
    <property name="maven.multiModuleProjectDirectory" value="C:\Users\danjo\utec\practica-calificada-1-djsg2021utec"/>
    <property name="java.vm.vendor" value="Oracle Corporation"/>
    <property name="java.vendor.url" value="https://java.oracle.com/"/>
    <property name="guice.disable.misplaced.annotation.check" value="true"/>
    <property name="path.separator" value=";"/>
    <property name="java.vm.name" value="Java HotSpot(TM) 64-Bit Server VM"/>
    <property name="sun.os.patch.level" value=""/>
    <property name="user.script" value=""/>
    <property name="user.country" value="PE"/>
    <property name="sun.java.launcher" value="SUN_STANDARD"/>
    <property name="java.vm.specification.name" value="Java Virtual Machine Specification"/>
    <property name="user.dir" value="C:\Users\danjo\utec\practica-calificada-1-djsg2021utec"/>
    <property name="java.vm.compressedOopsMode" value="Zero based"/>
    <property name="java.runtime.version" value="16.0.2+7-67"/>
    <property name="os.arch" value="amd64"/>
    <property name="java.io.tmpdir" value="C:\Users\danjo\AppData\Local\Temp\"/>
    <property name="line.separator" value="
"/>
    <property name="java.vm.specification.vendor" value="Oracle Corporation"/>
    <property name="user.variant" value=""/>
    <property name="os.name" value="Windows 10"/>
    <property name="classworlds.conf" value="C:\apache-maven-3.8.2\bin\m2.conf"/>
    <property name="sun.jnu.encoding" value="Cp1252"/>
    <property name="java.library.path" value="C:\Program Files\Java\jdk-16.0.2\bin;C:\WINDOWS\Sun\Java\bin;C:\WINDOWS\system32;C:\WINDOWS;C:\Program Files\Common Files\Oracle\Java\javapath;C:\Program Files (x86)\Common Files\Oracle\Java\javapath;C:\Program Files (x86)\Common Files\Intel\Shared Libraries\redist\intel64\compiler;C:\Program Files\PhreePlot;C:\WINDOWS\system32;C:\WINDOWS;C:\WINDOWS\System32\Wbem;C:\WINDOWS\System32\WindowsPowerShell\v1.0\;C:\WINDOWS\System32\OpenSSH\;C:\Program Files\Microsoft SQL Server\120\Tools\Binn\;C:\Program Files\MiKTeX\miktex\bin\x64\;C:\Strawberry\c\bin;C:\Strawberry\perl\site\bin;C:\Strawberry\perl\bin;C:\Program Files\Git\cmd;C:\Program Files\Git\mingw64\bin;C:\Program Files\Git\usr\bin;C:\MinGW\bin;C:\Program Files\Java\jdk-16.0.2\bin;C:\apache-maven-3.8.2\\bin;C:\Ruby27-x64\bin;C:\Users\danjo\AppData\Local\Microsoft\WindowsApps;C:\Users\danjo\AppData\Local\Programs\Microsoft VS Code\bin;C:\Users\danjo\AppData\Local\Packages\PythonSoftwareFoundation.Python.3.8_qbz5n2kfra8p0\LocalCache\local-packages\Python38\Scripts;C:\Users\ACER\AppData\Local\GitHubDesktop\bin;C:\Program Files\JetBrains\IntelliJ IDEA Community Edition 2021.2.1\bin;."/>
    <property name="maven.conf" value="C:\apache-maven-3.8.2/conf"/>
    <property name="jdk.debug" value="release"/>
    <property name="java.class.version" value="60.0"/>
    <property name="java.specification.name" value="Java Platform API Specification"/>
    <property name="sun.management.compiler" value="HotSpot 64-Bit Tiered Compilers"/>
    <property name="os.version" value="10.0"/>
    <property name="user.home" value="C:\Users\danjo"/>
    <property name="user.timezone" value="America/Lima"/>
    <property name="file.encoding" value="Cp1252"/>
    <property name="java.specification.version" value="16"/>
    <property name="user.name" value="danjo"/>
    <property name="java.class.path" value="C:\apache-maven-3.8.2\boot\plexus-classworlds-2.6.0.jar"/>
    <property name="java.vm.specification.version" value="16"/>
    <property name="sun.arch.data.model" value="64"/>
    <property name="sun.java.command" value="org.codehaus.plexus.classworlds.launcher.Launcher verify sonar:sonar"/>
    <property name="java.home" value="C:\Program Files\Java\jdk-16.0.2"/>
    <property name="user.language" value="es"/>
    <property name="java.specification.vendor" value="Oracle Corporation"/>
    <property name="java.vm.info" value="mixed mode, sharing"/>
    <property name="java.version" value="16.0.2"/>
    <property name="java.vendor" value="Oracle Corporation"/>
    <property name="sun.stderr.encoding" value="cp850"/>
    <property name="maven.home" value="C:\apache-maven-3.8.2"/>
    <property name="file.separator" value="\"/>
    <property name="java.version.date" value="2021-07-20"/>
    <property name="java.vendor.url.bug" value="https://bugreport.java.com/bugreport/"/>
    <property name="sun.io.unicode.encoding" value="UnicodeLittle"/>
    <property name="sun.cpu.endian" value="little"/>
    <property name="sun.stdout.encoding" value="cp850"/>
    <property name="sun.cpu.isalist" value="amd64"/>
  </properties>
  <testcase classname="lab1.Labo1Test" name="Test01" time="0.02"/>
  <testcase classname="lab1.Labo1Test" name="Test02" time="0"/>
  <testcase classname="lab1.Labo1Test" name="Test03" time="0"/>
  <testcase classname="lab1.Labo1Test" name="Test05" time="0.001"/>
  <testcase classname="lab1.Labo1Test" name="Test06" time="0"/>
  <testcase classname="lab1.Labo1Test" name="Test07" time="0.001"/>
  <testcase classname="lab1.Labo1Test" name="Test08" time="0"/>
  <testcase classname="lab1.Labo1Test" name="Test09" time="0"/>
  <testcase classname="lab1.Labo1Test" name="Test10" time="0"/>
  <testcase classname="lab1.Labo1Test" name="Test12" time="0"/>
  <testcase classname="lab1.Labo1Test" name="Test13" time="0"/>
  <testcase classname="lab1.Labo1Test" name="Test14" time="0"/>
  <testcase classname="lab1.Labo1Test" name="Test15" time="0.001"/>
  <testcase classname="lab1.Labo1Test" name="Test16" time="0"/>
  <testcase classname="lab1.Labo1Test" name="Test17" time="0"/>
  <testcase classname="lab1.Labo1Test" name="Test18" time="0"/>
  <testcase classname="lab1.Labo1Test" name="Test19" time="0"/>
  <testcase classname="lab1.Labo1Test" name="Test20" time="0.001"/>
  <testcase classname="lab1.Labo1Test" name="Test21" time="0"/>
  <testcase classname="lab1.Labo1Test" name="Test22" time="0"/>
  <testcase classname="lab1.Labo1Test" name="Test23" time="0"/>
  <testcase classname="lab1.Labo1Test" name="Test24" time="0"/>
  <testcase classname="lab1.Labo1Test" name="Test25" time="0"/>
  <testcase classname="lab1.Labo1Test" name="Test26" time="0"/>
  <testcase classname="lab1.Labo1Test" name="Test27" time="0.001"/>
  <testcase classname="lab1.Labo1Test" name="Test28" time="0"/>
  <testcase classname="lab1.Labo1Test" name="Test29" time="0"/>
  <testcase classname="lab1.Labo1Test" name="Test30" time="0"/>
  <testcase classname="lab1.Labo1Test" name="Test31" time="0"/>
  <testcase classname="lab1.Labo1Test" name="Test32" time="0"/>
  <testcase classname="lab1.Labo1Test" name="Test33" time="0"/>
  <testcase classname="lab1.Labo1Test" name="Test34" time="0"/>
  <testcase classname="lab1.Labo1Test" name="Test35" time="0"/>
  <testcase classname="lab1.Labo1Test" name="Test36" time="0"/>
  <testcase classname="lab1.Labo1Test" name="Test37" time="0"/>
  <testcase classname="lab1.Labo1Test" name="Test38" time="0"/>
  <testcase classname="lab1.Labo1Test" name="Test39" time="0.001"/>
  <testcase classname="lab1.Labo1Test" name="Test40" time="0"/>
  <testcase classname="lab1.Labo1Test" name="Test41" time="0"/>
  <testcase classname="lab1.Labo1Test" name="Test42" time="0"/>
  <testcase classname="lab1.Labo1Test" name="Test43" time="0"/>
  <testcase classname="lab1.Labo1Test" name="Test44" time="0"/>
  <testcase classname="lab1.Labo1Test" name="Test45" time="0"/>
  <testcase classname="lab1.Labo1Test" name="Test46" time="0"/>
  <testcase classname="lab1.Labo1Test" name="Test47" time="0.001"/>
  <testcase classname="lab1.Labo1Test" name="Test48" time="0"/>
  <testcase classname="lab1.Labo1Test" name="Test49" time="0"/>
  <testcase classname="lab1.Labo1Test" name="Test50" time="0"/>
  <testcase classname="lab1.Labo1Test" name="Test51" time="0"/>
  <testcase classname="lab1.Labo1Test" name="Test52" time="0"/>
  <testcase classname="lab1.Labo1Test" name="Test53" time="0"/>
  <testcase classname="lab1.Labo1Test" name="Test54" time="0.001"/>
  <testcase classname="lab1.Labo1Test" name="Test55" time="0.009"/>
  <testcase classname="lab1.Labo1Test" name="Test56" time="0.001"/>
  <testcase classname="lab1.Labo1Test" name="Test57" time="0"/>
  <testcase classname="lab1.Labo1Test" name="Test58" time="0.001"/>
  <testcase classname="lab1.Labo1Test" name="Test59" time="0"/>
  <testcase classname="lab1.Labo1Test" name="Test60" time="0"/>
  <testcase classname="lab1.Labo1Test" name="Test61" time="0"/>
</testsuite>