<?xml version="1.0" encoding="UTF-8"?>
<!-- Generated by org.testng.reporters.JUnitReportReporter -->
<testsuite hostname="Dan-Joshua-SG" failures="0" tests="2" name="lab1.Labo1Test" time="0.008" errors="0" timestamp="2021-10-23T20:23:29 PET" skipped="0">
  <testcase classname="lab1.Labo1Test" name="Test01" time="0.007"/>
  <system-out/>
  <testcase classname="lab1.Labo1Test" name="Test02" time="0.001"/>
  <system-out/>
</testsuite> <!-- lab1.Labo1Test -->
